2019-05-23 09:26:20.836  INFO 19160 --- [restartedMain] com.yaoyili.MainApplication              : No active profile set, falling back to default profiles: default
2019-05-23 09:26:22.742  INFO 19160 --- [restartedMain] .s.d.r.c.RepositoryConfigurationDelegate : Multiple Spring Data modules found, entering strict repository configuration mode!
2019-05-23 09:26:22.757  INFO 19160 --- [restartedMain] .s.d.r.c.RepositoryConfigurationDelegate : Bootstrapping Spring Data repositories in DEFAULT mode.
2019-05-23 09:26:22.789  INFO 19160 --- [restartedMain] .s.d.r.c.RepositoryConfigurationDelegate : Finished Spring Data repository scanning in 16ms. Found 0 repository interfaces.
2019-05-23 09:26:23.492  INFO 19160 --- [restartedMain] o.s.cloud.context.scope.GenericScope     : BeanFactory id=81bb2b9f-7a5b-3f38-a6d0-4a9b44c367e4
2019-05-23 09:26:23.617  INFO 19160 --- [restartedMain] trationDelegate$BeanPostProcessorChecker : Bean 'org.springframework.transaction.annotation.ProxyTransactionManagementConfiguration' of type [org.springframework.transaction.annotation.ProxyTransactionManagementConfiguration$$EnhancerBySpringCGLIB$$6b53a32c] is not eligible for getting processed by all BeanPostProcessors (for example: not eligible for auto-proxying)
2019-05-23 09:26:23.648  INFO 19160 --- [restartedMain] trationDelegate$BeanPostProcessorChecker : Bean 'org.springframework.cloud.autoconfigure.ConfigurationPropertiesRebinderAutoConfiguration' of type [org.springframework.cloud.autoconfigure.ConfigurationPropertiesRebinderAutoConfiguration$$EnhancerBySpringCGLIB$$876da629] is not eligible for getting processed by all BeanPostProcessors (for example: not eligible for auto-proxying)
2019-05-23 09:26:24.788  INFO 19160 --- [restartedMain] o.s.b.w.embedded.tomcat.TomcatWebServer  : Tomcat initialized with port(s): 8080 (http)
2019-05-23 09:26:24.835  INFO 19160 --- [restartedMain] o.apache.catalina.core.StandardService   : Starting service [Tomcat]
2019-05-23 09:26:24.835  INFO 19160 --- [restartedMain] org.apache.catalina.core.StandardEngine  : Starting Servlet Engine: Apache Tomcat/9.0.12
2019-05-23 09:26:24.851  INFO 19160 --- [restartedMain] o.a.catalina.core.AprLifecycleListener   : Loaded APR based Apache Tomcat Native library [1.2.16] using APR version [1.6.3].
2019-05-23 09:26:24.851  INFO 19160 --- [restartedMain] o.a.catalina.core.AprLifecycleListener   : APR capabilities: IPv6 [true], sendfile [true], accept filters [false], random [true].
2019-05-23 09:26:24.851  INFO 19160 --- [restartedMain] o.a.catalina.core.AprLifecycleListener   : APR/OpenSSL configuration: useAprConnector [false], useOpenSSL [true]
2019-05-23 09:26:25.960  INFO 19160 --- [restartedMain] o.a.catalina.core.AprLifecycleListener   : OpenSSL successfully initialized [OpenSSL 1.0.2m  2 Nov 2017]
2019-05-23 09:26:26.319  INFO 19160 --- [restartedMain] o.a.c.c.C.[Tomcat].[localhost].[/]       : Initializing Spring embedded WebApplicationContext
2019-05-23 09:26:26.319 DEBUG 19160 --- [restartedMain] o.s.web.context.ContextLoader            : Published root WebApplicationContext as ServletContext attribute with name [org.springframework.web.context.WebApplicationContext.ROOT]
2019-05-23 09:26:26.319  INFO 19160 --- [restartedMain] o.s.web.context.ContextLoader            : Root WebApplicationContext: initialization completed in 5452 ms
2019-05-23 09:26:28.678  INFO 19160 --- [restartedMain] o.s.b.w.servlet.FilterRegistrationBean   : Mapping filter: 'characterEncodingFilter' to: [/*]
2019-05-23 09:26:29.465  INFO 19160 --- [restartedMain] o.s.b.w.servlet.FilterRegistrationBean   : Mapping filter: 'webMvcMetricsFilter' to: [/*]
2019-05-23 09:26:29.755  INFO 19160 --- [restartedMain] o.s.b.w.servlet.FilterRegistrationBean   : Mapping filter: 'hiddenHttpMethodFilter' to: [/*]
2019-05-23 09:26:29.825  INFO 19160 --- [restartedMain] o.s.b.w.servlet.FilterRegistrationBean   : Mapping filter: 'formContentFilter' to: [/*]
2019-05-23 09:26:29.826  INFO 19160 --- [restartedMain] o.s.b.w.servlet.FilterRegistrationBean   : Mapping filter: 'requestContextFilter' to: [/*]
2019-05-23 09:26:29.836  INFO 19160 --- [restartedMain] .s.DelegatingFilterProxyRegistrationBean : Mapping filter: 'springSecurityFilterChain' to: [/*]
2019-05-23 09:26:29.843  INFO 19160 --- [restartedMain] o.s.b.w.servlet.FilterRegistrationBean   : Mapping filter: 'httpTraceFilter' to: [/*]
2019-05-23 09:26:29.859  INFO 19160 --- [restartedMain] o.s.b.w.servlet.ServletRegistrationBean  : Servlet dispatcherServlet mapped to [/]
2019-05-23 09:26:32.324  INFO 19160 --- [restartedMain] .s.s.UserDetailsServiceAutoConfiguration : 

Using generated security password: 50ecde53-8d2e-429e-8007-6ed00651b3b1

2019-05-23 09:26:32.840  INFO 19160 --- [restartedMain] o.s.s.web.DefaultSecurityFilterChain     : Creating filter chain: any request, [org.springframework.security.web.context.request.async.WebAsyncManagerIntegrationFilter@78bde0d, org.springframework.security.web.context.SecurityContextPersistenceFilter@164ff87c, org.springframework.security.web.header.HeaderWriterFilter@596b9b0c, org.springframework.security.web.authentication.logout.LogoutFilter@fc30f28, org.springframework.security.web.savedrequest.RequestCacheAwareFilter@1254bd27, org.springframework.security.web.servletapi.SecurityContextHolderAwareRequestFilter@f96cf73, org.springframework.security.web.authentication.AnonymousAuthenticationFilter@2100fcb, org.springframework.security.web.session.SessionManagementFilter@5b301d3f, org.springframework.security.web.access.ExceptionTranslationFilter@4d47acde, org.springframework.security.web.access.intercept.FilterSecurityInterceptor@161a5f6f]
2019-05-23 09:26:33.278 DEBUG 19160 --- [restartedMain] o.s.w.s.handler.SimpleUrlHandlerMapping  : Patterns [/**/favicon.ico] in 'faviconHandlerMapping'
2019-05-23 09:26:34.407  INFO 19160 --- [restartedMain] o.s.s.concurrent.ThreadPoolTaskExecutor  : Initializing ExecutorService 'applicationTaskExecutor'
2019-05-23 09:26:34.548 DEBUG 19160 --- [restartedMain] s.w.s.m.m.a.RequestMappingHandlerAdapter : ControllerAdvice beans: 0 @ModelAttribute, 0 @InitBinder, 1 RequestBodyAdvice, 1, ResponseBodyAdvice
2019-05-23 09:26:35.008 DEBUG 19160 --- [restartedMain] s.w.s.m.m.a.RequestMappingHandlerMapping : 21 mappings in 'requestMappingHandlerMapping'
2019-05-23 09:26:35.046 DEBUG 19160 --- [restartedMain] o.s.w.s.handler.SimpleUrlHandlerMapping  : Patterns [/webjars/**, /**] in 'resourceHandlerMapping'
2019-05-23 09:26:35.111 DEBUG 19160 --- [restartedMain] .m.m.a.ExceptionHandlerExceptionResolver : ControllerAdvice beans: 1 @ExceptionHandler, 1 ResponseBodyAdvice
2019-05-23 09:26:36.244  INFO 19160 --- [restartedMain] o.s.b.a.e.web.EndpointLinksResolver      : Exposing 2 endpoint(s) beneath base path '/actuator'
2019-05-23 09:26:36.588  INFO 19160 --- [restartedMain] o.s.b.d.a.OptionalLiveReloadServer       : LiveReload server is running on port 35729
2019-05-23 09:26:38.771  INFO 19160 --- [restartedMain] o.s.b.w.embedded.tomcat.TomcatWebServer  : Tomcat started on port(s): 8080 (http) with context path ''
2019-05-23 09:26:38.775  INFO 19160 --- [restartedMain] com.yaoyili.MainApplication              : Started MainApplication in 20.202 seconds (JVM running for 21.309)
2019-05-23 09:33:07.353  INFO 19160 --- [http-nio-8080-exec-1] o.a.c.c.C.[Tomcat].[localhost].[/]       : Initializing Spring DispatcherServlet 'dispatcherServlet'
2019-05-23 09:33:07.392  INFO 19160 --- [http-nio-8080-exec-1] o.s.web.servlet.DispatcherServlet        : Initializing Servlet 'dispatcherServlet'
2019-05-23 09:33:07.415 DEBUG 19160 --- [http-nio-8080-exec-1] o.s.web.servlet.DispatcherServlet        : Detected StandardServletMultipartResolver
2019-05-23 09:33:07.434 DEBUG 19160 --- [http-nio-8080-exec-1] o.s.web.servlet.DispatcherServlet        : enableLoggingRequestDetails='false': request parameters and headers will be masked to prevent unsafe logging of potentially sensitive data
2019-05-23 09:33:07.435  INFO 19160 --- [http-nio-8080-exec-1] o.s.web.servlet.DispatcherServlet        : Completed initialization in 21 ms
2019-05-23 09:33:07.476 DEBUG 19160 --- [http-nio-8080-exec-1] s.w.s.m.m.a.RequestMappingHandlerMapping : Mapped to public com.yaoyili.model.ResponseWrapper com.yaoyili.controller.UserController.login(com.yaoyili.model.UserAuth)
2019-05-23 09:33:07.519 DEBUG 19160 --- [http-nio-8080-exec-1] o.s.web.servlet.DispatcherServlet        : POST "/user/login", parameters={}
2019-05-23 09:33:07.534 DEBUG 19160 --- [http-nio-8080-exec-1] s.w.s.m.m.a.RequestMappingHandlerMapping : Mapped to public com.yaoyili.model.ResponseWrapper com.yaoyili.controller.UserController.login(com.yaoyili.model.UserAuth)
2019-05-23 09:33:07.720 DEBUG 19160 --- [http-nio-8080-exec-1] m.m.a.RequestResponseBodyMethodProcessor : Read "application/json;charset=UTF-8" to [com.yaoyili.model.UserAuth@183aa07c]
2019-05-23 09:33:07.800  INFO 19160 --- [http-nio-8080-exec-1] com.zaxxer.hikari.HikariDataSource       : DatebookHikariCP - Starting...
2019-05-23 09:33:08.554  INFO 19160 --- [http-nio-8080-exec-1] com.zaxxer.hikari.HikariDataSource       : DatebookHikariCP - Start completed.
2019-05-23 09:33:08.563 DEBUG 19160 --- [http-nio-8080-exec-1] c.yaoyili.dao.UserAuthMapper.isRepeated  : ==>  Preparing: select uid, username, password from user_auth where username = ? 
2019-05-23 09:33:08.599 DEBUG 19160 --- [http-nio-8080-exec-1] c.yaoyili.dao.UserAuthMapper.isRepeated  : ==> Parameters: yaoyili(String)
2019-05-23 09:33:08.630 DEBUG 19160 --- [http-nio-8080-exec-1] c.yaoyili.dao.UserAuthMapper.isRepeated  : <==      Total: 1
2019-05-23 09:33:08.641 DEBUG 19160 --- [http-nio-8080-exec-1] com.yaoyili.dao.UserAuthMapper.authUser  : ==>  Preparing: select uid, username, password from user_auth where username = ? and password = ? 
2019-05-23 09:33:08.642 DEBUG 19160 --- [http-nio-8080-exec-1] com.yaoyili.dao.UserAuthMapper.authUser  : ==> Parameters: yaoyili(String), 123456(String)
2019-05-23 09:33:08.645 DEBUG 19160 --- [http-nio-8080-exec-1] com.yaoyili.dao.UserAuthMapper.authUser  : <==      Total: 1
2019-05-23 09:33:08.687 DEBUG 19160 --- [http-nio-8080-exec-1] m.m.a.RequestResponseBodyMethodProcessor : Using 'application/json', given [*/*] and supported [application/json, application/*+json, application/json, application/*+json]
2019-05-23 09:33:08.689 DEBUG 19160 --- [http-nio-8080-exec-1] m.m.a.RequestResponseBodyMethodProcessor : Writing [com.yaoyili.model.ResponseWrapper@67fcbce6]
2019-05-23 09:33:08.730 DEBUG 19160 --- [http-nio-8080-exec-1] o.s.web.servlet.DispatcherServlet        : Completed 200 OK
2019-05-23 09:34:55.194 DEBUG 19160 --- [http-nio-8080-exec-9] s.w.s.m.m.a.RequestMappingHandlerMapping : Mapped to public com.yaoyili.model.ResponseWrapper com.yaoyili.controller.UserController.login(com.yaoyili.model.UserAuth)
2019-05-23 09:34:55.198 DEBUG 19160 --- [http-nio-8080-exec-9] o.s.web.servlet.DispatcherServlet        : POST "/user/login", parameters={}
2019-05-23 09:34:55.202 DEBUG 19160 --- [http-nio-8080-exec-9] s.w.s.m.m.a.RequestMappingHandlerMapping : Mapped to public com.yaoyili.model.ResponseWrapper com.yaoyili.controller.UserController.login(com.yaoyili.model.UserAuth)
2019-05-23 09:34:55.204 DEBUG 19160 --- [http-nio-8080-exec-9] m.m.a.RequestResponseBodyMethodProcessor : Read "application/json;charset=UTF-8" to [com.yaoyili.model.UserAuth@6139d2d6]
2019-05-23 09:34:55.208 DEBUG 19160 --- [http-nio-8080-exec-9] c.yaoyili.dao.UserAuthMapper.isRepeated  : ==>  Preparing: select uid, username, password from user_auth where username = ? 
2019-05-23 09:34:55.209 DEBUG 19160 --- [http-nio-8080-exec-9] c.yaoyili.dao.UserAuthMapper.isRepeated  : ==> Parameters: yaoyili(String)
2019-05-23 09:34:55.211 DEBUG 19160 --- [http-nio-8080-exec-9] c.yaoyili.dao.UserAuthMapper.isRepeated  : <==      Total: 1
2019-05-23 09:34:55.213 DEBUG 19160 --- [http-nio-8080-exec-9] com.yaoyili.dao.UserAuthMapper.authUser  : ==>  Preparing: select uid, username, password from user_auth where username = ? and password = ? 
2019-05-23 09:34:55.214 DEBUG 19160 --- [http-nio-8080-exec-9] com.yaoyili.dao.UserAuthMapper.authUser  : ==> Parameters: yaoyili(String), 123456(String)
2019-05-23 09:34:55.217 DEBUG 19160 --- [http-nio-8080-exec-9] com.yaoyili.dao.UserAuthMapper.authUser  : <==      Total: 1
2019-05-23 09:34:55.219 DEBUG 19160 --- [http-nio-8080-exec-9] m.m.a.RequestResponseBodyMethodProcessor : Using 'application/json', given [*/*] and supported [application/json, application/*+json, application/json, application/*+json]
2019-05-23 09:34:55.221 DEBUG 19160 --- [http-nio-8080-exec-9] m.m.a.RequestResponseBodyMethodProcessor : Writing [com.yaoyili.model.ResponseWrapper@221bbb9]
2019-05-23 09:34:55.233 DEBUG 19160 --- [http-nio-8080-exec-9] o.s.web.servlet.DispatcherServlet        : Completed 200 OK
2019-05-23 09:37:43.463 DEBUG 19160 --- [http-nio-8080-exec-7] s.w.s.m.m.a.RequestMappingHandlerMapping : Mapped to public com.yaoyili.model.ResponseWrapper com.yaoyili.controller.UserController.login(com.yaoyili.model.UserAuth)
2019-05-23 09:37:43.470 DEBUG 19160 --- [http-nio-8080-exec-7] o.s.web.servlet.DispatcherServlet        : POST "/user/login", parameters={}
2019-05-23 09:37:43.472 DEBUG 19160 --- [http-nio-8080-exec-7] s.w.s.m.m.a.RequestMappingHandlerMapping : Mapped to public com.yaoyili.model.ResponseWrapper com.yaoyili.controller.UserController.login(com.yaoyili.model.UserAuth)
2019-05-23 09:37:43.476 DEBUG 19160 --- [http-nio-8080-exec-7] m.m.a.RequestResponseBodyMethodProcessor : Read "application/json;charset=UTF-8" to [com.yaoyili.model.UserAuth@4bf26856]
2019-05-23 09:37:43.478 DEBUG 19160 --- [http-nio-8080-exec-7] c.yaoyili.dao.UserAuthMapper.isRepeated  : ==>  Preparing: select uid, username, password from user_auth where username = ? 
2019-05-23 09:37:43.480 DEBUG 19160 --- [http-nio-8080-exec-7] c.yaoyili.dao.UserAuthMapper.isRepeated  : ==> Parameters: yaoyili(String)
2019-05-23 09:37:43.482 DEBUG 19160 --- [http-nio-8080-exec-7] c.yaoyili.dao.UserAuthMapper.isRepeated  : <==      Total: 1
2019-05-23 09:37:43.483 DEBUG 19160 --- [http-nio-8080-exec-7] com.yaoyili.dao.UserAuthMapper.authUser  : ==>  Preparing: select uid, username, password from user_auth where username = ? and password = ? 
2019-05-23 09:37:43.485 DEBUG 19160 --- [http-nio-8080-exec-7] com.yaoyili.dao.UserAuthMapper.authUser  : ==> Parameters: yaoyili(String), 123456(String)
2019-05-23 09:37:43.487 DEBUG 19160 --- [http-nio-8080-exec-7] com.yaoyili.dao.UserAuthMapper.authUser  : <==      Total: 1
2019-05-23 09:37:43.488 DEBUG 19160 --- [http-nio-8080-exec-7] m.m.a.RequestResponseBodyMethodProcessor : Using 'application/json', given [*/*] and supported [application/json, application/*+json, application/json, application/*+json]
2019-05-23 09:37:43.489 DEBUG 19160 --- [http-nio-8080-exec-7] m.m.a.RequestResponseBodyMethodProcessor : Writing [com.yaoyili.model.ResponseWrapper@35c676e7]
2019-05-23 09:37:43.493 DEBUG 19160 --- [http-nio-8080-exec-7] o.s.web.servlet.DispatcherServlet        : Completed 200 OK
2019-05-23 09:39:15.618 DEBUG 19160 --- [http-nio-8080-exec-6] s.w.s.m.m.a.RequestMappingHandlerMapping : Mapped to public com.yaoyili.model.ResponseWrapper com.yaoyili.controller.UserController.login(com.yaoyili.model.UserAuth)
2019-05-23 09:39:15.623 DEBUG 19160 --- [http-nio-8080-exec-6] o.s.web.servlet.DispatcherServlet        : POST "/user/login", parameters={}
2019-05-23 09:39:15.625 DEBUG 19160 --- [http-nio-8080-exec-6] s.w.s.m.m.a.RequestMappingHandlerMapping : Mapped to public com.yaoyili.model.ResponseWrapper com.yaoyili.controller.UserController.login(com.yaoyili.model.UserAuth)
2019-05-23 09:39:15.627 DEBUG 19160 --- [http-nio-8080-exec-6] m.m.a.RequestResponseBodyMethodProcessor : Read "application/json;charset=UTF-8" to [com.yaoyili.model.UserAuth@371da7b8]
2019-05-23 09:39:15.631 DEBUG 19160 --- [http-nio-8080-exec-6] c.yaoyili.dao.UserAuthMapper.isRepeated  : ==>  Preparing: select uid, username, password from user_auth where username = ? 
2019-05-23 09:39:15.632 DEBUG 19160 --- [http-nio-8080-exec-6] c.yaoyili.dao.UserAuthMapper.isRepeated  : ==> Parameters: yaoyili(String)
2019-05-23 09:39:15.634 DEBUG 19160 --- [http-nio-8080-exec-6] c.yaoyili.dao.UserAuthMapper.isRepeated  : <==      Total: 1
2019-05-23 09:39:15.635 DEBUG 19160 --- [http-nio-8080-exec-6] com.yaoyili.dao.UserAuthMapper.authUser  : ==>  Preparing: select uid, username, password from user_auth where username = ? and password = ? 
2019-05-23 09:39:15.637 DEBUG 19160 --- [http-nio-8080-exec-6] com.yaoyili.dao.UserAuthMapper.authUser  : ==> Parameters: yaoyili(String), 123456(String)
2019-05-23 09:39:15.640 DEBUG 19160 --- [http-nio-8080-exec-6] com.yaoyili.dao.UserAuthMapper.authUser  : <==      Total: 1
2019-05-23 09:39:15.641 DEBUG 19160 --- [http-nio-8080-exec-6] m.m.a.RequestResponseBodyMethodProcessor : Using 'application/json', given [*/*] and supported [application/json, application/*+json, application/json, application/*+json]
2019-05-23 09:39:15.642 DEBUG 19160 --- [http-nio-8080-exec-6] m.m.a.RequestResponseBodyMethodProcessor : Writing [com.yaoyili.model.ResponseWrapper@5a45abc2]
2019-05-23 09:39:15.644 DEBUG 19160 --- [http-nio-8080-exec-6] o.s.web.servlet.DispatcherServlet        : Completed 200 OK
2019-05-23 09:47:34.306  INFO 19160 --- [Thread-14] o.s.s.concurrent.ThreadPoolTaskExecutor  : Shutting down ExecutorService 'applicationTaskExecutor'
